<?xml version="1.0" encoding="UTF-8"?>
<!-- Generated by org.testng.reporters.JUnitReportReporter -->
<testsuite skipped="0" hostname="PC" name="secondTestPk.SecondTest" tests="1" failures="0" timestamp="23 Jan 2020 08:07:59 GMT" time="42.411" errors="0">
  <testcase name="secondTest" time="42.411" classname="secondTestPk.SecondTest"/>
</testsuite> <!-- secondTestPk.SecondTest -->
